<?xml version="1.0" encoding="UTF-8"?>
<!-- Generated by org.testng.reporters.JUnitReportReporter -->
<testsuite skipped="0" hostname="DESKTOP-9UOIO01" name="cucumberOptions.TestRunner" tests="1" failures="0" timestamp="2020-05-01T12:37:21 CDT" time="33.934" errors="0">
  <testcase name="feature" time="33.934" classname="cucumberOptions.TestRunner"/>
  <system-out/>
</testsuite> <!-- cucumberOptions.TestRunner -->
