<?xml version="1.0" encoding="UTF-8"?>
<!-- Generated by org.testng.reporters.JUnitReportReporter -->
<testsuite skipped="0" hostname="DESKTOP-9UOIO01" name="Cucumber.Automation.AppTest" tests="1" failures="0" timestamp="2020-05-01T12:37:22 CDT" time="0.008" errors="0">
  <testcase name="shouldAnswerWithTrue" time="0.008" classname="Cucumber.Automation.AppTest"/>
  <system-out/>
</testsuite> <!-- Cucumber.Automation.AppTest -->
