<?xml version="1.0" encoding="UTF-8"?>
<!-- Generated by org.testng.reporters.JUnitReportReporter -->
<testsuite skipped="0" hostname="DESKTOP-9UOIO01" name="toroBdd.LoginBdd" tests="1" failures="0" timestamp="2020-04-30T11:09:16 IST" time="3.864" errors="0">
  <testcase name="dashboard" time="3.864" classname="toroBdd.LoginBdd"/>
  <system-out/>
</testsuite> <!-- toroBdd.LoginBdd -->
